<!DOCTYPE html PUBLIC "-//W3C//DTD XHTML 1.1//EN" "http://www.w3.org/TR/xhtml11/DTD/xhtml11.dtd">
<html xmlns="http://www.w3.org/1999/xhtml"><head><title>TestNG Report</title><style type="text/css">table {margin-bottom:10px;border-collapse:collapse;empty-cells:show}th,td {border:1px solid #009;padding:.25em .5em}th {vertical-align:bottom}td {vertical-align:top}table a {font-weight:bold}.stripe td {background-color: #E6EBF9}.num {text-align:right}.passedodd td {background-color: #3F3}.passedeven td {background-color: #0A0}.skippedodd td {background-color: #DDD}.skippedeven td {background-color: #CCC}.failedodd td,.attn {background-color: #F33}.failedeven td,.stripe .attn {background-color: #D00}.stacktrace {white-space:pre;font-family:monospace}.totop {font-size:85%;text-align:center;border-bottom:2px solid #000}</style></head><body><table><tr><th>Test</th><th># Passed</th><th># Skipped</th><th># Failed</th><th>Time (ms)</th><th>Included Groups</th><th>Excluded Groups</th></tr><tr><th colspan="7">Seattle Times App Automation Test</th></tr><tr><td><a href="#t0">GoToHomePage</a></td><td class="num">20</td><td class="num">0</td><td class="num attn">5</td><td class="num">333,359</td><td></td><td></td></tr></table><table><thead><tr><th>Class</th><th>Method</th><th>Start</th><th>Time (ms)</th></tr></thead><tbody><tr><th colspan="4">Seattle Times App Automation Test</th></tr></tbody><tbody id="t0"><tr><th colspan="4">GoToHomePage &#8212; failed</th></tr><tr class="failedeven"><td rowspan="5">testcases.TestHomePage</td><td><a href="#m0">testScrollMenuList</a></td><td rowspan="1">1548377053343</td><td rowspan="1">1190</td></tr><tr class="failedeven"><td><a href="#m1">testTapOnBurgerMenu</a></td><td rowspan="1">1548377065591</td><td rowspan="1">10055</td></tr><tr class="failedeven"><td><a href="#m2">testTapOnLatest</a></td><td rowspan="1">1548377087498</td><td rowspan="1">10550</td></tr><tr class="failedeven"><td><a href="#m3">testTapOnTopStories</a></td><td rowspan="1">1548377109203</td><td rowspan="1">521</td></tr><tr class="failedeven"><td><a href="#m4">testTapOnTrending</a></td><td rowspan="1">1548377120636</td><td rowspan="1">10415</td></tr><tr><th colspan="4">GoToHomePage &#8212; passed</th></tr><tr class="passedeven"><td rowspan="20">testcases.TestHomePage</td><td><a href="#m5">test1BurgerButton</a></td><td rowspan="1">1548376912833</td><td rowspan="1">693</td></tr><tr class="passedeven"><td><a href="#m6">testBurgerMenuSwipeUpnDown</a></td><td rowspan="1">1548376922767</td><td rowspan="1">2900</td></tr><tr class="passedeven"><td><a href="#m7">testClickOnEducation</a></td><td rowspan="1">1548376935124</td><td rowspan="1">1110</td></tr><tr class="passedeven"><td><a href="#m8">testClickOnTopStories</a></td><td rowspan="1">1548376946205</td><td rowspan="1">4941</td></tr><tr class="passedeven"><td><a href="#m9">testClickOntrending</a></td><td rowspan="1">1548376960182</td><td rowspan="1">2171</td></tr><tr class="passedeven"><td><a href="#m10">testGetEntertainment</a></td><td rowspan="1">1548376971405</td><td rowspan="1">3082</td></tr><tr class="passedeven"><td><a href="#m11">testGetLife</a></td><td rowspan="1">1548376983497</td><td rowspan="1">2819</td></tr><tr class="passedeven"><td><a href="#m12">testGetNationWorld</a></td><td rowspan="1">1548376995180</td><td rowspan="1">2143</td></tr><tr class="passedeven"><td><a href="#m13">testGetOpinion</a></td><td rowspan="1">1548377006677</td><td rowspan="1">3079</td></tr><tr class="passedeven"><td><a href="#m14">testGetSports</a></td><td rowspan="1">1548377018926</td><td rowspan="1">3222</td></tr><tr class="passedeven"><td><a href="#m15">testGetTitle</a></td><td rowspan="1">1548377031079</td><td rowspan="1">2147</td></tr><tr class="passedeven"><td><a href="#m16">testHomePageSwipeUpnDown</a></td><td rowspan="1">1548377041999</td><td rowspan="1">2508</td></tr><tr class="passedeven"><td><a href="#m17">testscrollMenuList</a></td><td rowspan="1">1548377142426</td><td rowspan="1">2056</td></tr><tr class="passedeven"><td><a href="#m18">testscrollPNWMagazine</a></td><td rowspan="1">1548377153516</td><td rowspan="1">4750</td></tr><tr class="passedeven"><td><a href="#m19">testscrollToBusiness</a></td><td rowspan="1">1548377168336</td><td rowspan="1">2460</td></tr><tr class="passedeven"><td><a href="#m20">testscrollToGetBusinessNews</a></td><td rowspan="1">1548377180420</td><td rowspan="1">2807</td></tr><tr class="passedeven"><td><a href="#m21">testscrollToGetNews</a></td><td rowspan="1">1548377194125</td><td rowspan="1">2386</td></tr><tr class="passedeven"><td><a href="#m22">testscrollToLocal</a></td><td rowspan="1">1548377207192</td><td rowspan="1">2504</td></tr><tr class="passedeven"><td><a href="#m23">testscrollToMyReadingList</a></td><td rowspan="1">1548377221141</td><td rowspan="1">2588</td></tr><tr class="passedeven"><td><a href="#m24">testscrollToSports</a></td><td rowspan="1">1548377234733</td><td rowspan="1">2470</td></tr></tbody></table><h2>GoToHomePage</h2><h3 id="m0">testcases.TestHomePage#testScrollMenuList</h3><table class="result"><tr><th>Messages</th></tr><tr><td><div class="messages">TestHomePage: test Scroll Menu List<br/>TestHomePage: click Burger Button</div></td></tr><tr><th>Exception</th></tr><tr><td><div class="stacktrace">org.openqa.selenium.InvalidSelectorException: javax.xml.transform.TransformerException: Extra illegal tokens: &apos;READING&apos;, &apos;LIST&apos; (WARNING: The server did not provide any stacktrace information)
Command duration or timeout: 106 milliseconds
For documentation on this error, please visit: http://seleniumhq.org/exceptions/invalid_selector_exception.html
Build info: version: &apos;2.43.1&apos;, revision: &apos;5163bceef1bc36d43f3dc0b83c88998168a363a0&apos;, time: &apos;2014-09-10 09:43:55&apos;
System info: host: &apos;DESKTOP-SUVDR7C&apos;, ip: &apos;192.168.179.1&apos;, os.name: &apos;Windows 10&apos;, os.arch: &apos;amd64&apos;, os.version: &apos;10.0&apos;, java.version: &apos;11.0.1&apos;
Driver info: io.appium.java_client.android.AndroidDriver
Capabilities [{app=C:\Users\arifq\Desktop\Java N Selenium\AndroidAutomationProject\SeattleTimes\src\app\The Seattle Times.apk, appPackage=com.seattletimes.android.SeattleTimesMobileNews, deviceScreenSize=1080x1920, networkConnectionEnabled=true, warnings={}, appWaitPackage=com.seattletimes.android.SeattleTimesMobileNews, appWaitActivity=android.seattletimes.com.seattletimesmobile.activities.MainTabbedActivity, databaseEnabled=false, deviceName=emulator-5554, platform=LINUX, deviceUDID=emulator-5554, appActivity=android.seattletimes.com.seattletimesmobile.activities.MainTabbedActivity, desired={app=C:\Users\arifq\Desktop\Java N Selenium\AndroidAutomationProject\SeattleTimes\src\app\The Seattle Times.apk, platformVersion=8.0, platformName=Android, deviceName=Nexus}, platformVersion=8.0.0, webStorageEnabled=false, locationContextEnabled=false, takesScreenshot=true, javascriptEnabled=true, deviceModel=Android SDK built for x86, platformName=Android, deviceManufacturer=Google}]
Session ID: c7446714-ab3d-4ac6-b81f-450b9cb05d85
	at org.openqa.selenium.remote.ErrorHandler.createThrowable(ErrorHandler.java:204)
	at org.openqa.selenium.remote.ErrorHandler.throwIfResponseFailed(ErrorHandler.java:156)
	at org.openqa.selenium.remote.RemoteWebDriver.execute(RemoteWebDriver.java:599)
	at io.appium.java_client.AppiumDriver.execute(AppiumDriver.java:180)
	at org.openqa.selenium.remote.RemoteWebDriver.findElement(RemoteWebDriver.java:352)
	at org.openqa.selenium.remote.RemoteWebDriver.findElementByXPath(RemoteWebDriver.java:449)
	at base.MobileAPI.scrollToElement(MobileAPI.java:420)
	at pages.HomePage.scrollMenuList(HomePage.java:150)
	at testcases.TestHomePage.testScrollMenuList(TestHomePage.java:95)
... Removed 32 stack frames</div></td></tr></table><p class="totop"><a href="#summary">back to summary</a></p><h3 id="m1">testcases.TestHomePage#testTapOnBurgerMenu</h3><table class="result"><tr><th>Messages</th></tr><tr><td><div class="messages">TestHomePage: test Tap On Burger Menu</div></td></tr><tr><th>Exception</th></tr><tr><td><div class="stacktrace">org.openqa.selenium.NoSuchElementException: An element could not be located on the page using the given search parameters. (WARNING: The server did not provide any stacktrace information)
Command duration or timeout: 10.05 seconds
For documentation on this error, please visit: http://seleniumhq.org/exceptions/no_such_element.html
Build info: version: &apos;2.43.1&apos;, revision: &apos;5163bceef1bc36d43f3dc0b83c88998168a363a0&apos;, time: &apos;2014-09-10 09:43:55&apos;
System info: host: &apos;DESKTOP-SUVDR7C&apos;, ip: &apos;192.168.179.1&apos;, os.name: &apos;Windows 10&apos;, os.arch: &apos;amd64&apos;, os.version: &apos;10.0&apos;, java.version: &apos;11.0.1&apos;
Driver info: io.appium.java_client.android.AndroidDriver
Capabilities [{app=C:\Users\arifq\Desktop\Java N Selenium\AndroidAutomationProject\SeattleTimes\src\app\The Seattle Times.apk, appPackage=com.seattletimes.android.SeattleTimesMobileNews, deviceScreenSize=1080x1920, networkConnectionEnabled=true, warnings={}, appWaitPackage=com.seattletimes.android.SeattleTimesMobileNews, appWaitActivity=android.seattletimes.com.seattletimesmobile.activities.MainTabbedActivity, databaseEnabled=false, deviceName=emulator-5554, platform=LINUX, deviceUDID=emulator-5554, appActivity=android.seattletimes.com.seattletimesmobile.activities.MainTabbedActivity, desired={app=C:\Users\arifq\Desktop\Java N Selenium\AndroidAutomationProject\SeattleTimes\src\app\The Seattle Times.apk, platformVersion=8.0, platformName=Android, deviceName=Nexus}, platformVersion=8.0.0, webStorageEnabled=false, locationContextEnabled=false, takesScreenshot=true, javascriptEnabled=true, deviceModel=Android SDK built for x86, platformName=Android, deviceManufacturer=Google}]
Session ID: 9efac5c5-e210-471e-b026-fd68111d3e6f
	at org.openqa.selenium.remote.ErrorHandler.createThrowable(ErrorHandler.java:204)
	at org.openqa.selenium.remote.ErrorHandler.throwIfResponseFailed(ErrorHandler.java:156)
	at org.openqa.selenium.remote.RemoteWebDriver.execute(RemoteWebDriver.java:599)
	at io.appium.java_client.AppiumDriver.execute(AppiumDriver.java:180)
	at org.openqa.selenium.remote.RemoteWebDriver.findElement(RemoteWebDriver.java:352)
	at org.openqa.selenium.remote.RemoteWebDriver.findElementByXPath(RemoteWebDriver.java:449)
	at org.openqa.selenium.By$ByXPath.findElement(By.java:357)
	at org.openqa.selenium.remote.RemoteWebDriver.findElement(RemoteWebDriver.java:344)
	at base.MobileAPI.tapOn(MobileAPI.java:340)
	at testcases.TestHomePage.testTapOnBurgerMenu(TestHomePage.java:110)
... Removed 32 stack frames</div></td></tr></table><p class="totop"><a href="#summary">back to summary</a></p><h3 id="m2">testcases.TestHomePage#testTapOnLatest</h3><table class="result"><tr><th>Messages</th></tr><tr><td><div class="messages">TestHomePage: test Tap On Latest</div></td></tr><tr><th>Exception</th></tr><tr><td><div class="stacktrace">org.openqa.selenium.NoSuchElementException: An element could not be located on the page using the given search parameters. (WARNING: The server did not provide any stacktrace information)
Command duration or timeout: 10.55 seconds
For documentation on this error, please visit: http://seleniumhq.org/exceptions/no_such_element.html
Build info: version: &apos;2.43.1&apos;, revision: &apos;5163bceef1bc36d43f3dc0b83c88998168a363a0&apos;, time: &apos;2014-09-10 09:43:55&apos;
System info: host: &apos;DESKTOP-SUVDR7C&apos;, ip: &apos;192.168.179.1&apos;, os.name: &apos;Windows 10&apos;, os.arch: &apos;amd64&apos;, os.version: &apos;10.0&apos;, java.version: &apos;11.0.1&apos;
Driver info: io.appium.java_client.android.AndroidDriver
Capabilities [{app=C:\Users\arifq\Desktop\Java N Selenium\AndroidAutomationProject\SeattleTimes\src\app\The Seattle Times.apk, appPackage=com.seattletimes.android.SeattleTimesMobileNews, deviceScreenSize=1080x1920, networkConnectionEnabled=true, warnings={}, appWaitPackage=com.seattletimes.android.SeattleTimesMobileNews, appWaitActivity=android.seattletimes.com.seattletimesmobile.activities.MainTabbedActivity, databaseEnabled=false, deviceName=emulator-5554, platform=LINUX, deviceUDID=emulator-5554, appActivity=android.seattletimes.com.seattletimesmobile.activities.MainTabbedActivity, desired={app=C:\Users\arifq\Desktop\Java N Selenium\AndroidAutomationProject\SeattleTimes\src\app\The Seattle Times.apk, platformVersion=8.0, platformName=Android, deviceName=Nexus}, platformVersion=8.0.0, webStorageEnabled=false, locationContextEnabled=false, takesScreenshot=true, javascriptEnabled=true, deviceModel=Android SDK built for x86, platformName=Android, deviceManufacturer=Google}]
Session ID: d3c3afe5-7f45-4675-b449-0d007cdcac38
	at org.openqa.selenium.remote.ErrorHandler.createThrowable(ErrorHandler.java:204)
	at org.openqa.selenium.remote.ErrorHandler.throwIfResponseFailed(ErrorHandler.java:156)
	at org.openqa.selenium.remote.RemoteWebDriver.execute(RemoteWebDriver.java:599)
	at io.appium.java_client.AppiumDriver.execute(AppiumDriver.java:180)
	at org.openqa.selenium.remote.RemoteWebDriver.findElement(RemoteWebDriver.java:352)
	at org.openqa.selenium.remote.RemoteWebDriver.findElementByXPath(RemoteWebDriver.java:449)
	at org.openqa.selenium.By$ByXPath.findElement(By.java:357)
	at org.openqa.selenium.remote.RemoteWebDriver.findElement(RemoteWebDriver.java:344)
	at base.MobileAPI.tapOn(MobileAPI.java:340)
	at testcases.TestHomePage.testTapOnLatest(TestHomePage.java:120)
... Removed 32 stack frames</div></td></tr></table><p class="totop"><a href="#summary">back to summary</a></p><h3 id="m3">testcases.TestHomePage#testTapOnTopStories</h3><table class="result"><tr><th>Messages</th></tr><tr><td><div class="messages">TestHomePage: test Tap On Top Stories</div></td></tr><tr><th>Exception</th></tr><tr><td><div class="stacktrace">java.lang.ClassCastException: class io.appium.java_client.android.AndroidElement cannot be cast to class io.appium.java_client.MobileDriver (io.appium.java_client.android.AndroidElement and io.appium.java_client.MobileDriver are in unnamed module of loader &apos;app&apos;)
	at base.MobileAPI.tapOn(MobileAPI.java:340)
	at testcases.TestHomePage.testTapOnTopStories(TestHomePage.java:115)
... Removed 28 stack frames</div></td></tr></table><p class="totop"><a href="#summary">back to summary</a></p><h3 id="m4">testcases.TestHomePage#testTapOnTrending</h3><table class="result"><tr><th>Messages</th></tr><tr><td><div class="messages">TestHomePage: test Tap On Trending</div></td></tr><tr><th>Exception</th></tr><tr><td><div class="stacktrace">org.openqa.selenium.NoSuchElementException: An element could not be located on the page using the given search parameters. (WARNING: The server did not provide any stacktrace information)
Command duration or timeout: 10.41 seconds
For documentation on this error, please visit: http://seleniumhq.org/exceptions/no_such_element.html
Build info: version: &apos;2.43.1&apos;, revision: &apos;5163bceef1bc36d43f3dc0b83c88998168a363a0&apos;, time: &apos;2014-09-10 09:43:55&apos;
System info: host: &apos;DESKTOP-SUVDR7C&apos;, ip: &apos;192.168.179.1&apos;, os.name: &apos;Windows 10&apos;, os.arch: &apos;amd64&apos;, os.version: &apos;10.0&apos;, java.version: &apos;11.0.1&apos;
Driver info: io.appium.java_client.android.AndroidDriver
Capabilities [{app=C:\Users\arifq\Desktop\Java N Selenium\AndroidAutomationProject\SeattleTimes\src\app\The Seattle Times.apk, appPackage=com.seattletimes.android.SeattleTimesMobileNews, deviceScreenSize=1080x1920, networkConnectionEnabled=true, warnings={}, appWaitPackage=com.seattletimes.android.SeattleTimesMobileNews, appWaitActivity=android.seattletimes.com.seattletimesmobile.activities.MainTabbedActivity, databaseEnabled=false, deviceName=emulator-5554, platform=LINUX, deviceUDID=emulator-5554, appActivity=android.seattletimes.com.seattletimesmobile.activities.MainTabbedActivity, desired={app=C:\Users\arifq\Desktop\Java N Selenium\AndroidAutomationProject\SeattleTimes\src\app\The Seattle Times.apk, platformVersion=8.0, platformName=Android, deviceName=Nexus}, platformVersion=8.0.0, webStorageEnabled=false, locationContextEnabled=false, takesScreenshot=true, javascriptEnabled=true, deviceModel=Android SDK built for x86, platformName=Android, deviceManufacturer=Google}]
Session ID: cd340ed1-8cf5-429a-92d1-9efc78f0a66f
	at org.openqa.selenium.remote.ErrorHandler.createThrowable(ErrorHandler.java:204)
	at org.openqa.selenium.remote.ErrorHandler.throwIfResponseFailed(ErrorHandler.java:156)
	at org.openqa.selenium.remote.RemoteWebDriver.execute(RemoteWebDriver.java:599)
	at io.appium.java_client.AppiumDriver.execute(AppiumDriver.java:180)
	at org.openqa.selenium.remote.RemoteWebDriver.findElement(RemoteWebDriver.java:352)
	at org.openqa.selenium.remote.RemoteWebDriver.findElementByXPath(RemoteWebDriver.java:449)
	at org.openqa.selenium.By$ByXPath.findElement(By.java:357)
	at org.openqa.selenium.remote.RemoteWebDriver.findElement(RemoteWebDriver.java:344)
	at base.MobileAPI.tapOn(MobileAPI.java:340)
	at testcases.TestHomePage.testTapOnTrending(TestHomePage.java:125)
... Removed 32 stack frames</div></td></tr></table><p class="totop"><a href="#summary">back to summary</a></p><h3 id="m5">testcases.TestHomePage#test1BurgerButton</h3><table class="result"><tr><th>Messages</th></tr><tr><td><div class="messages">TestHomePage: test 1 Burger Button<br/>TestHomePage: click Burger Button</div></td></tr></table><p class="totop"><a href="#summary">back to summary</a></p><h3 id="m6">testcases.TestHomePage#testBurgerMenuSwipeUpnDown</h3><table class="result"><tr><th>Messages</th></tr><tr><td><div class="messages">TestHomePage: test Burger Menu Swipe Upn Down<br/>TestHomePage: click Burger Button</div></td></tr></table><p class="totop"><a href="#summary">back to summary</a></p><h3 id="m7">testcases.TestHomePage#testClickOnEducation</h3><table class="result"><tr><th>Messages</th></tr><tr><td><div class="messages">TestHomePage: test Click On Education<br/>TestHomePage: click On Education</div></td></tr></table><p class="totop"><a href="#summary">back to summary</a></p><h3 id="m8">testcases.TestHomePage#testClickOnTopStories</h3><table class="result"><tr><th>Messages</th></tr><tr><td><div class="messages">TestHomePage: test Click On Top Stories<br/>TestHomePage: click On Top Stories</div></td></tr></table><p class="totop"><a href="#summary">back to summary</a></p><h3 id="m9">testcases.TestHomePage#testClickOntrending</h3><table class="result"><tr><th>Messages</th></tr><tr><td><div class="messages">TestHomePage: test Click Ontrending</div></td></tr></table><p class="totop"><a href="#summary">back to summary</a></p><h3 id="m10">testcases.TestHomePage#testGetEntertainment</h3><table class="result"><tr><th>Messages</th></tr><tr><td><div class="messages">TestHomePage: test Get Entertainment<br/>TestHomePage: get Entertainment<br/>TestHomePage: click Burger Button</div></td></tr></table><p class="totop"><a href="#summary">back to summary</a></p><h3 id="m11">testcases.TestHomePage#testGetLife</h3><table class="result"><tr><th>Messages</th></tr><tr><td><div class="messages">TestHomePage: test Get Life<br/>TestHomePage: get Life<br/>TestHomePage: click Burger Button</div></td></tr></table><p class="totop"><a href="#summary">back to summary</a></p><h3 id="m12">testcases.TestHomePage#testGetNationWorld</h3><table class="result"><tr><th>Messages</th></tr><tr><td><div class="messages">TestHomePage: test Get Nation World<br/>TestHomePage: get Nation World<br/>TestHomePage: click Burger Button</div></td></tr></table><p class="totop"><a href="#summary">back to summary</a></p><h3 id="m13">testcases.TestHomePage#testGetOpinion</h3><table class="result"><tr><th>Messages</th></tr><tr><td><div class="messages">TestHomePage: test Get Opinion<br/>TestHomePage: get Opinion<br/>TestHomePage: click Burger Button</div></td></tr></table><p class="totop"><a href="#summary">back to summary</a></p><h3 id="m14">testcases.TestHomePage#testGetSports</h3><table class="result"><tr><th>Messages</th></tr><tr><td><div class="messages">TestHomePage: test Get Sports<br/>TestHomePage: get Sports<br/>TestHomePage: click Burger Button</div></td></tr></table><p class="totop"><a href="#summary">back to summary</a></p><h3 id="m15">testcases.TestHomePage#testGetTitle</h3><table class="result"><tr><th>Messages</th></tr><tr><td><div class="messages">TestHomePage: test Get Title<br/>TestHomePage: get Title<br/>TestHomePage: click On Latest</div></td></tr></table><p class="totop"><a href="#summary">back to summary</a></p><h3 id="m16">testcases.TestHomePage#testHomePageSwipeUpnDown</h3><table class="result"><tr><th>Messages</th></tr><tr><td><div class="messages">TestHomePage: test Home Page Swipe Upn Down</div></td></tr></table><p class="totop"><a href="#summary">back to summary</a></p><h3 id="m17">testcases.TestHomePage#testscrollMenuList</h3><table class="result"><tr><th>Messages</th></tr><tr><td><div class="messages">TestHomePage: testscroll Menu List<br/>TestHomePage: click Burger Button<br/>TestHomePage: get Menu Items</div></td></tr></table><p class="totop"><a href="#summary">back to summary</a></p><h3 id="m18">testcases.TestHomePage#testscrollPNWMagazine</h3><table class="result"><tr><th>Messages</th></tr><tr><td><div class="messages">TestHomePage: testscroll PNW Magazine<br/>TestHomePage: get Pnw Magazine<br/>TestHomePage: click Burger Button</div></td></tr></table><p class="totop"><a href="#summary">back to summary</a></p><h3 id="m19">testcases.TestHomePage#testscrollToBusiness</h3><table class="result"><tr><th>Messages</th></tr><tr><td><div class="messages">TestHomePage: testscroll To Business<br/>TestHomePage: get Business Tech<br/>TestHomePage: click Burger Button</div></td></tr></table><p class="totop"><a href="#summary">back to summary</a></p><h3 id="m20">testcases.TestHomePage#testscrollToGetBusinessNews</h3><table class="result"><tr><th>Messages</th></tr><tr><td><div class="messages">TestHomePage: testscroll To Get Business News<br/>TestHomePage: get Business Tech<br/>TestHomePage: click Burger Button</div></td></tr></table><p class="totop"><a href="#summary">back to summary</a></p><h3 id="m21">testcases.TestHomePage#testscrollToGetNews</h3><table class="result"><tr><th>Messages</th></tr><tr><td><div class="messages">TestHomePage: testscroll To Get News<br/>TestHomePage: get Local News<br/>TestHomePage: click Burger Button</div></td></tr></table><p class="totop"><a href="#summary">back to summary</a></p><h3 id="m22">testcases.TestHomePage#testscrollToLocal</h3><table class="result"><tr><th>Messages</th></tr><tr><td><div class="messages">TestHomePage: testscroll To Local<br/>TestHomePage: get Local News<br/>TestHomePage: click Burger Button</div></td></tr></table><p class="totop"><a href="#summary">back to summary</a></p><h3 id="m23">testcases.TestHomePage#testscrollToMyReadingList</h3><table class="result"><tr><th>Messages</th></tr><tr><td><div class="messages">TestHomePage: testscroll To My Reading List<br/>TestHomePage: get Myreading List 1<br/>TestHomePage: click Burger Button</div></td></tr></table><p class="totop"><a href="#summary">back to summary</a></p><h3 id="m24">testcases.TestHomePage#testscrollToSports</h3><table class="result"><tr><th>Messages</th></tr><tr><td><div class="messages">TestHomePage: testscroll To Sports<br/>TestHomePage: get Business Tech<br/>TestHomePage: click Burger Button</div></td></tr></table><p class="totop"><a href="#summary">back to summary</a></p></body></html>