<?xml version="1.0" encoding="UTF-8"?>
<testsuite xmlns:xsi="http://www.w3.org/2001/XMLSchema-instance" xsi:noNamespaceSchemaLocation="https://maven.apache.org/surefire/maven-surefire-plugin/xsd/surefire-test-report.xsd" name="TestSuite" time="334.508" tests="25" errors="0" skipped="0" failures="5">
  <properties>
    <property name="sun.desktop" value="windows"/>
    <property name="awt.toolkit" value="sun.awt.windows.WToolkit"/>
    <property name="java.specification.version" value="11"/>
    <property name="sun.cpu.isalist" value="amd64"/>
    <property name="sun.jnu.encoding" value="Cp1252"/>
    <property name="java.class.path" value="C:\Users\arifq\Desktop\Java N Selenium\AndroidAutomationProject\SeattleTimes\target\test-classes;C:\Users\arifq\Desktop\Java N Selenium\AndroidAutomationProject\SeattleTimes\target\classes;C:\Users\arifq\Desktop\Java N Selenium\AndroidAutomationProject\Generic\target\classes;C:\Users\arifq\.m2\repository\org\testng\testng\6.9.10\testng-6.9.10.jar;C:\Users\arifq\.m2\repository\com\beust\jcommander\1.48\jcommander-1.48.jar;C:\Users\arifq\.m2\repository\org\beanshell\bsh\2.0b4\bsh-2.0b4.jar;C:\Users\arifq\.m2\repository\io\appium\java-client\2.1.0\java-client-2.1.0.jar;C:\Users\arifq\.m2\repository\com\google\code\gson\gson\2.2.4\gson-2.2.4.jar;C:\Users\arifq\.m2\repository\org\seleniumhq\selenium\selenium-java\2.43.1\selenium-java-2.43.1.jar;C:\Users\arifq\.m2\repository\org\seleniumhq\selenium\selenium-chrome-driver\2.43.1\selenium-chrome-driver-2.43.1.jar;C:\Users\arifq\.m2\repository\org\seleniumhq\selenium\selenium-remote-driver\2.43.1\selenium-remote-driver-2.43.1.jar;C:\Users\arifq\.m2\repository\cglib\cglib-nodep\2.1_3\cglib-nodep-2.1_3.jar;C:\Users\arifq\.m2\repository\org\seleniumhq\selenium\selenium-api\2.43.1\selenium-api-2.43.1.jar;C:\Users\arifq\.m2\repository\org\seleniumhq\selenium\selenium-htmlunit-driver\2.43.1\selenium-htmlunit-driver-2.43.1.jar;C:\Users\arifq\.m2\repository\net\sourceforge\htmlunit\htmlunit\2.15\htmlunit-2.15.jar;C:\Users\arifq\.m2\repository\xalan\xalan\2.7.1\xalan-2.7.1.jar;C:\Users\arifq\.m2\repository\xalan\serializer\2.7.1\serializer-2.7.1.jar;C:\Users\arifq\.m2\repository\commons-collections\commons-collections\3.2.1\commons-collections-3.2.1.jar;C:\Users\arifq\.m2\repository\org\apache\commons\commons-lang3\3.3.2\commons-lang3-3.3.2.jar;C:\Users\arifq\.m2\repository\org\apache\httpcomponents\httpmime\4.3.3\httpmime-4.3.3.jar;C:\Users\arifq\.m2\repository\net\sourceforge\htmlunit\htmlunit-core-js\2.15\htmlunit-core-js-2.15.jar;C:\Users\arifq\.m2\repository\xerces\xercesImpl\2.11.0\xercesImpl-2.11.0.jar;C:\Users\arifq\.m2\repository\xml-apis\xml-apis\1.4.01\xml-apis-1.4.01.jar;C:\Users\arifq\.m2\repository\net\sourceforge\nekohtml\nekohtml\1.9.21\nekohtml-1.9.21.jar;C:\Users\arifq\.m2\repository\net\sourceforge\cssparser\cssparser\0.9.14\cssparser-0.9.14.jar;C:\Users\arifq\.m2\repository\org\w3c\css\sac\1.3\sac-1.3.jar;C:\Users\arifq\.m2\repository\org\eclipse\jetty\jetty-websocket\8.1.15.v20140411\jetty-websocket-8.1.15.v20140411.jar;C:\Users\arifq\.m2\repository\org\eclipse\jetty\jetty-util\8.1.15.v20140411\jetty-util-8.1.15.v20140411.jar;C:\Users\arifq\.m2\repository\org\eclipse\jetty\jetty-io\8.1.15.v20140411\jetty-io-8.1.15.v20140411.jar;C:\Users\arifq\.m2\repository\org\eclipse\jetty\jetty-http\8.1.15.v20140411\jetty-http-8.1.15.v20140411.jar;C:\Users\arifq\.m2\repository\org\seleniumhq\selenium\selenium-firefox-driver\2.43.1\selenium-firefox-driver-2.43.1.jar;C:\Users\arifq\.m2\repository\commons-io\commons-io\2.4\commons-io-2.4.jar;C:\Users\arifq\.m2\repository\org\apache\commons\commons-exec\1.1\commons-exec-1.1.jar;C:\Users\arifq\.m2\repository\org\seleniumhq\selenium\selenium-ie-driver\2.43.1\selenium-ie-driver-2.43.1.jar;C:\Users\arifq\.m2\repository\net\java\dev\jna\jna\3.4.0\jna-3.4.0.jar;C:\Users\arifq\.m2\repository\net\java\dev\jna\platform\3.4.0\platform-3.4.0.jar;C:\Users\arifq\.m2\repository\org\seleniumhq\selenium\selenium-safari-driver\2.43.1\selenium-safari-driver-2.43.1.jar;C:\Users\arifq\.m2\repository\org\seleniumhq\selenium\selenium-support\2.43.1\selenium-support-2.43.1.jar;C:\Users\arifq\.m2\repository\org\webbitserver\webbit\0.4.15\webbit-0.4.15.jar;C:\Users\arifq\.m2\repository\io\netty\netty\3.5.5.Final\netty-3.5.5.Final.jar;C:\Users\arifq\.m2\repository\junit\junit\4.11\junit-4.11.jar;C:\Users\arifq\.m2\repository\org\hamcrest\hamcrest-core\1.3\hamcrest-core-1.3.jar;C:\Users\arifq\.m2\repository\org\apache\httpcomponents\httpclient\4.3.3\httpclient-4.3.3.jar;C:\Users\arifq\.m2\repository\org\apache\httpcomponents\httpcore\4.3.2\httpcore-4.3.2.jar;C:\Users\arifq\.m2\repository\commons-logging\commons-logging\1.1.3\commons-logging-1.1.3.jar;C:\Users\arifq\.m2\repository\commons-codec\commons-codec\1.6\commons-codec-1.6.jar;C:\Users\arifq\.m2\repository\com\google\guava\guava\17.0\guava-17.0.jar;C:\Users\arifq\.m2\repository\cglib\cglib\3.1\cglib-3.1.jar;C:\Users\arifq\.m2\repository\org\ow2\asm\asm\4.2\asm-4.2.jar;C:\Users\arifq\.m2\repository\org\json\json\20160212\json-20160212.jar;C:\Users\arifq\.m2\repository\com\googlecode\json-simple\json-simple\1.1.1\json-simple-1.1.1.jar;C:\Users\arifq\.m2\repository\org\apache\maven\surefire\common-java5\2.16\common-java5-2.16.jar;C:\Users\arifq\.m2\repository\org\apache\maven\surefire\surefire-api\2.16\surefire-api-2.16.jar;C:\Users\arifq\.m2\repository\org\jsoup\jsoup\1.8.3\jsoup-1.8.3.jar;C:\Users\arifq\.m2\repository\com\relevantcodes\extentreports\2.41.1\extentreports-2.41.1.jar;C:\Users\arifq\.m2\repository\org\xerial\sqlite-jdbc\3.8.11.1\sqlite-jdbc-3.8.11.1.jar;C:\Users\arifq\.m2\repository\org\freemarker\freemarker\2.3.23\freemarker-2.3.23.jar;C:\Users\arifq\.m2\repository\org\mongodb\mongodb-driver\3.0.4\mongodb-driver-3.0.4.jar;C:\Users\arifq\.m2\repository\org\mongodb\bson\3.0.4\bson-3.0.4.jar;C:\Users\arifq\.m2\repository\org\mongodb\mongodb-driver-core\3.0.4\mongodb-driver-core-3.0.4.jar;C:\Users\arifq\.m2\repository\commons-lang\commons-lang\2.6\commons-lang-2.6.jar;C:\Users\arifq\.m2\repository\org\apache\maven\surefire\surefire-testng-utils\2.21.0\surefire-testng-utils-2.21.0.jar;C:\Users\arifq\.m2\repository\org\apache\maven\surefire\surefire-grouper\2.21.0\surefire-grouper-2.21.0.jar;"/>
    <property name="java.vm.vendor" value="Oracle Corporation"/>
    <property name="sun.arch.data.model" value="64"/>
    <property name="user.variant" value=""/>
    <property name="java.vendor.url" value="http://java.oracle.com/"/>
    <property name="user.timezone" value=""/>
    <property name="java.vm.specification.version" value="11"/>
    <property name="os.name" value="Windows 10"/>
    <property name="sun.java.launcher" value="SUN_STANDARD"/>
    <property name="user.country" value="US"/>
    <property name="sun.boot.library.path" value="C:\Program Files\Java\jdk-11.0.1\bin"/>
    <property name="sun.java.command" value="C:\Users\arifq\AppData\Local\Temp\surefire9082830462913503153\surefirebooter2087353012126464730.jar C:\Users\arifq\AppData\Local\Temp\surefire9082830462913503153 2019-01-24T19-41-43_385-jvmRun1 surefire18040844515187613177tmp surefire_08610229648299024648tmp"/>
    <property name="jdk.debug" value="release"/>
    <property name="surefire.test.class.path" value="C:\Users\arifq\Desktop\Java N Selenium\AndroidAutomationProject\SeattleTimes\target\test-classes;C:\Users\arifq\Desktop\Java N Selenium\AndroidAutomationProject\SeattleTimes\target\classes;C:\Users\arifq\Desktop\Java N Selenium\AndroidAutomationProject\Generic\target\classes;C:\Users\arifq\.m2\repository\org\testng\testng\6.9.10\testng-6.9.10.jar;C:\Users\arifq\.m2\repository\com\beust\jcommander\1.48\jcommander-1.48.jar;C:\Users\arifq\.m2\repository\org\beanshell\bsh\2.0b4\bsh-2.0b4.jar;C:\Users\arifq\.m2\repository\io\appium\java-client\2.1.0\java-client-2.1.0.jar;C:\Users\arifq\.m2\repository\com\google\code\gson\gson\2.2.4\gson-2.2.4.jar;C:\Users\arifq\.m2\repository\org\seleniumhq\selenium\selenium-java\2.43.1\selenium-java-2.43.1.jar;C:\Users\arifq\.m2\repository\org\seleniumhq\selenium\selenium-chrome-driver\2.43.1\selenium-chrome-driver-2.43.1.jar;C:\Users\arifq\.m2\repository\org\seleniumhq\selenium\selenium-remote-driver\2.43.1\selenium-remote-driver-2.43.1.jar;C:\Users\arifq\.m2\repository\cglib\cglib-nodep\2.1_3\cglib-nodep-2.1_3.jar;C:\Users\arifq\.m2\repository\org\seleniumhq\selenium\selenium-api\2.43.1\selenium-api-2.43.1.jar;C:\Users\arifq\.m2\repository\org\seleniumhq\selenium\selenium-htmlunit-driver\2.43.1\selenium-htmlunit-driver-2.43.1.jar;C:\Users\arifq\.m2\repository\net\sourceforge\htmlunit\htmlunit\2.15\htmlunit-2.15.jar;C:\Users\arifq\.m2\repository\xalan\xalan\2.7.1\xalan-2.7.1.jar;C:\Users\arifq\.m2\repository\xalan\serializer\2.7.1\serializer-2.7.1.jar;C:\Users\arifq\.m2\repository\commons-collections\commons-collections\3.2.1\commons-collections-3.2.1.jar;C:\Users\arifq\.m2\repository\org\apache\commons\commons-lang3\3.3.2\commons-lang3-3.3.2.jar;C:\Users\arifq\.m2\repository\org\apache\httpcomponents\httpmime\4.3.3\httpmime-4.3.3.jar;C:\Users\arifq\.m2\repository\net\sourceforge\htmlunit\htmlunit-core-js\2.15\htmlunit-core-js-2.15.jar;C:\Users\arifq\.m2\repository\xerces\xercesImpl\2.11.0\xercesImpl-2.11.0.jar;C:\Users\arifq\.m2\repository\xml-apis\xml-apis\1.4.01\xml-apis-1.4.01.jar;C:\Users\arifq\.m2\repository\net\sourceforge\nekohtml\nekohtml\1.9.21\nekohtml-1.9.21.jar;C:\Users\arifq\.m2\repository\net\sourceforge\cssparser\cssparser\0.9.14\cssparser-0.9.14.jar;C:\Users\arifq\.m2\repository\org\w3c\css\sac\1.3\sac-1.3.jar;C:\Users\arifq\.m2\repository\org\eclipse\jetty\jetty-websocket\8.1.15.v20140411\jetty-websocket-8.1.15.v20140411.jar;C:\Users\arifq\.m2\repository\org\eclipse\jetty\jetty-util\8.1.15.v20140411\jetty-util-8.1.15.v20140411.jar;C:\Users\arifq\.m2\repository\org\eclipse\jetty\jetty-io\8.1.15.v20140411\jetty-io-8.1.15.v20140411.jar;C:\Users\arifq\.m2\repository\org\eclipse\jetty\jetty-http\8.1.15.v20140411\jetty-http-8.1.15.v20140411.jar;C:\Users\arifq\.m2\repository\org\seleniumhq\selenium\selenium-firefox-driver\2.43.1\selenium-firefox-driver-2.43.1.jar;C:\Users\arifq\.m2\repository\commons-io\commons-io\2.4\commons-io-2.4.jar;C:\Users\arifq\.m2\repository\org\apache\commons\commons-exec\1.1\commons-exec-1.1.jar;C:\Users\arifq\.m2\repository\org\seleniumhq\selenium\selenium-ie-driver\2.43.1\selenium-ie-driver-2.43.1.jar;C:\Users\arifq\.m2\repository\net\java\dev\jna\jna\3.4.0\jna-3.4.0.jar;C:\Users\arifq\.m2\repository\net\java\dev\jna\platform\3.4.0\platform-3.4.0.jar;C:\Users\arifq\.m2\repository\org\seleniumhq\selenium\selenium-safari-driver\2.43.1\selenium-safari-driver-2.43.1.jar;C:\Users\arifq\.m2\repository\org\seleniumhq\selenium\selenium-support\2.43.1\selenium-support-2.43.1.jar;C:\Users\arifq\.m2\repository\org\webbitserver\webbit\0.4.15\webbit-0.4.15.jar;C:\Users\arifq\.m2\repository\io\netty\netty\3.5.5.Final\netty-3.5.5.Final.jar;C:\Users\arifq\.m2\repository\junit\junit\4.11\junit-4.11.jar;C:\Users\arifq\.m2\repository\org\hamcrest\hamcrest-core\1.3\hamcrest-core-1.3.jar;C:\Users\arifq\.m2\repository\org\apache\httpcomponents\httpclient\4.3.3\httpclient-4.3.3.jar;C:\Users\arifq\.m2\repository\org\apache\httpcomponents\httpcore\4.3.2\httpcore-4.3.2.jar;C:\Users\arifq\.m2\repository\commons-logging\commons-logging\1.1.3\commons-logging-1.1.3.jar;C:\Users\arifq\.m2\repository\commons-codec\commons-codec\1.6\commons-codec-1.6.jar;C:\Users\arifq\.m2\repository\com\google\guava\guava\17.0\guava-17.0.jar;C:\Users\arifq\.m2\repository\cglib\cglib\3.1\cglib-3.1.jar;C:\Users\arifq\.m2\repository\org\ow2\asm\asm\4.2\asm-4.2.jar;C:\Users\arifq\.m2\repository\org\json\json\20160212\json-20160212.jar;C:\Users\arifq\.m2\repository\com\googlecode\json-simple\json-simple\1.1.1\json-simple-1.1.1.jar;C:\Users\arifq\.m2\repository\org\apache\maven\surefire\common-java5\2.16\common-java5-2.16.jar;C:\Users\arifq\.m2\repository\org\apache\maven\surefire\surefire-api\2.16\surefire-api-2.16.jar;C:\Users\arifq\.m2\repository\org\jsoup\jsoup\1.8.3\jsoup-1.8.3.jar;C:\Users\arifq\.m2\repository\com\relevantcodes\extentreports\2.41.1\extentreports-2.41.1.jar;C:\Users\arifq\.m2\repository\org\xerial\sqlite-jdbc\3.8.11.1\sqlite-jdbc-3.8.11.1.jar;C:\Users\arifq\.m2\repository\org\freemarker\freemarker\2.3.23\freemarker-2.3.23.jar;C:\Users\arifq\.m2\repository\org\mongodb\mongodb-driver\3.0.4\mongodb-driver-3.0.4.jar;C:\Users\arifq\.m2\repository\org\mongodb\bson\3.0.4\bson-3.0.4.jar;C:\Users\arifq\.m2\repository\org\mongodb\mongodb-driver-core\3.0.4\mongodb-driver-core-3.0.4.jar;C:\Users\arifq\.m2\repository\commons-lang\commons-lang\2.6\commons-lang-2.6.jar;C:\Users\arifq\.m2\repository\org\apache\maven\surefire\surefire-testng-utils\2.21.0\surefire-testng-utils-2.21.0.jar;C:\Users\arifq\.m2\repository\org\apache\maven\surefire\surefire-grouper\2.21.0\surefire-grouper-2.21.0.jar;"/>
    <property name="sun.cpu.endian" value="little"/>
    <property name="user.home" value="C:\Users\arifq"/>
    <property name="user.language" value="en"/>
    <property name="java.specification.vendor" value="Oracle Corporation"/>
    <property name="java.version.date" value="2018-10-16"/>
    <property name="java.home" value="C:\Program Files\Java\jdk-11.0.1"/>
    <property name="file.separator" value="\"/>
    <property name="basedir" value="C:\Users\arifq\Desktop\Java N Selenium\AndroidAutomationProject\SeattleTimes"/>
    <property name="java.vm.compressedOopsMode" value="32-bit"/>
    <property name="line.separator" value="&#10;"/>
    <property name="java.specification.name" value="Java Platform API Specification"/>
    <property name="java.vm.specification.vendor" value="Oracle Corporation"/>
    <property name="java.awt.graphicsenv" value="sun.awt.Win32GraphicsEnvironment"/>
    <property name="surefire.real.class.path" value="C:\Users\arifq\AppData\Local\Temp\surefire9082830462913503153\surefirebooter2087353012126464730.jar"/>
    <property name="user.script" value=""/>
    <property name="sun.management.compiler" value="HotSpot 64-Bit Tiered Compilers"/>
    <property name="java.runtime.version" value="11.0.1+13-LTS"/>
    <property name="user.name" value="arifq"/>
    <property name="path.separator" value=";"/>
    <property name="os.version" value="10.0"/>
    <property name="java.runtime.name" value="Java(TM) SE Runtime Environment"/>
    <property name="file.encoding" value="Cp1252"/>
    <property name="java.vm.name" value="Java HotSpot(TM) 64-Bit Server VM"/>
    <property name="java.vendor.version" value="18.9"/>
    <property name="localRepository" value="C:\Users\arifq\.m2\repository"/>
    <property name="java.vendor.url.bug" value="http://bugreport.java.com/bugreport/"/>
    <property name="java.io.tmpdir" value="C:\Users\arifq\AppData\Local\Temp\"/>
    <property name="java.version" value="11.0.1"/>
    <property name="user.dir" value="C:\Users\arifq\Desktop\Java N Selenium\AndroidAutomationProject\SeattleTimes"/>
    <property name="os.arch" value="amd64"/>
    <property name="java.vm.specification.name" value="Java Virtual Machine Specification"/>
    <property name="java.awt.printerjob" value="sun.awt.windows.WPrinterJob"/>
    <property name="sun.os.patch.level" value=""/>
    <property name="java.library.path" value="C:\Program Files\Java\jdk-11.0.1\bin;C:\WINDOWS\Sun\Java\bin;C:\WINDOWS\system32;C:\WINDOWS;C:\Program Files (x86)\Common Files\Oracle\Java\javapath;C:\Program Files (x86)\Intel\Intel(R) Management Engine Components\iCLS\;C:\Program Files\Intel\Intel(R) Management Engine Components\iCLS\;C:\Windows\system32;C:\Windows;C:\Windows\System32\Wbem;C:\Windows\System32\WindowsPowerShell\v1.0\;C:\Program Files (x86)\Intel\Intel(R) Management Engine Components\DAL;C:\Program Files\Intel\Intel(R) Management Engine Components\DAL;C:\Program Files (x86)\Intel\Intel(R) Management Engine Components\IPT;C:\Program Files\Intel\Intel(R) Management Engine Components\IPT;C:\Program Files (x86)\NVIDIA Corporation\PhysX\Common;C:\Program Files\Java\jdk-11.0.1\bin;C:\WINDOWS\system32;C:\WINDOWS;C:\WINDOWS\System32\Wbem;C:\WINDOWS\System32\WindowsPowerShell\v1.0\;C:\WINDOWS\System32\OpenSSH\;C:\Program Files\Git\cmd;C:\Program Files\MySQL\MySQL Server 8.0\bin;C:\Program Files\MongoDB\Server\4.0\bin;C:\Program Files\Java\jdk1.8.0_191\bin;C:\Program Files\apache-maven-3.6.0\bin;C:\Users\arifq\AppData\Local\Android\Sdk\tools;C:\Users\arifq\AppData\Local\Android\Sdk\tools\bin;C:\Users\arifq\AppData\Local\Android\Sdk\platform-tools;C:\Program Files\nodejs\;C:\Users\arifq\AppData\Local\Microsoft\WindowsApps;C:\Program Files\MongoDB\Server\4.0\bin;C:\Users\arifq\AppData\Roaming\npm;."/>
    <property name="java.vendor" value="Oracle Corporation"/>
    <property name="java.vm.info" value="mixed mode"/>
    <property name="java.vm.version" value="11.0.1+13-LTS"/>
    <property name="sun.io.unicode.encoding" value="UnicodeLittle"/>
    <property name="java.class.version" value="55.0"/>
  </properties>
  <testcase name="test1BurgerButton" classname="testcases.TestHomePage" time="0.693"/>
  <testcase name="testBurgerMenuSwipeUpnDown" classname="testcases.TestHomePage" time="2.899"/>
  <testcase name="testClickOnEducation" classname="testcases.TestHomePage" time="1.11"/>
  <testcase name="testClickOnTopStories" classname="testcases.TestHomePage" time="4.941"/>
  <testcase name="testClickOntrending" classname="testcases.TestHomePage" time="2.171"/>
  <testcase name="testGetEntertainment" classname="testcases.TestHomePage" time="3.083"/>
  <testcase name="testGetLife" classname="testcases.TestHomePage" time="2.821"/>
  <testcase name="testGetNationWorld" classname="testcases.TestHomePage" time="2.144"/>
  <testcase name="testGetOpinion" classname="testcases.TestHomePage" time="3.081"/>
  <testcase name="testGetSports" classname="testcases.TestHomePage" time="3.224"/>
  <testcase name="testGetTitle" classname="testcases.TestHomePage" time="2.147"/>
  <testcase name="testHomePageSwipeUpnDown" classname="testcases.TestHomePage" time="2.508"/>
  <testcase name="testScrollMenuList" classname="testcases.TestHomePage" time="1.206">
    <failure message="javax.xml.transform.TransformerException: Extra illegal tokens: &apos;READING&apos;, &apos;LIST&apos; (WARNING: The server did not provide any stacktrace information)&#10;Command duration or timeout: 106 milliseconds&#10;For documentation on this error, please visit: http://seleniumhq.org/exceptions/invalid_selector_exception.html&#10;Build info: version: &apos;2.43.1&apos;, revision: &apos;5163bceef1bc36d43f3dc0b83c88998168a363a0&apos;, time: &apos;2014-09-10 09:43:55&apos;&#10;System info: host: &apos;DESKTOP-SUVDR7C&apos;, ip: &apos;192.168.179.1&apos;, os.name: &apos;Windows 10&apos;, os.arch: &apos;amd64&apos;, os.version: &apos;10.0&apos;, java.version: &apos;11.0.1&apos;&#10;Driver info: io.appium.java_client.android.AndroidDriver&#10;Capabilities [{app=C:\Users\arifq\Desktop\Java N Selenium\AndroidAutomationProject\SeattleTimes\src\app\The Seattle Times.apk, appPackage=com.seattletimes.android.SeattleTimesMobileNews, deviceScreenSize=1080x1920, networkConnectionEnabled=true, warnings={}, appWaitPackage=com.seattletimes.android.SeattleTimesMobileNews, appWaitActivity=android.seattletimes.com.seattletimesmobile.activities.MainTabbedActivity, databaseEnabled=false, deviceName=emulator-5554, platform=LINUX, deviceUDID=emulator-5554, appActivity=android.seattletimes.com.seattletimesmobile.activities.MainTabbedActivity, desired={app=C:\Users\arifq\Desktop\Java N Selenium\AndroidAutomationProject\SeattleTimes\src\app\The Seattle Times.apk, platformVersion=8.0, platformName=Android, deviceName=Nexus}, platformVersion=8.0.0, webStorageEnabled=false, locationContextEnabled=false, takesScreenshot=true, javascriptEnabled=true, deviceModel=Android SDK built for x86, platformName=Android, deviceManufacturer=Google}]&#10;Session ID: c7446714-ab3d-4ac6-b81f-450b9cb05d85" type="org.openqa.selenium.InvalidSelectorException">org.openqa.selenium.InvalidSelectorException: javax.xml.transform.TransformerException: Extra illegal tokens: 'READING', 'LIST' (WARNING: The server did not provide any stacktrace information)
Command duration or timeout: 106 milliseconds
For documentation on this error, please visit: http://seleniumhq.org/exceptions/invalid_selector_exception.html
Build info: version: '2.43.1', revision: '5163bceef1bc36d43f3dc0b83c88998168a363a0', time: '2014-09-10 09:43:55'
System info: host: 'DESKTOP-SUVDR7C', ip: '192.168.179.1', os.name: 'Windows 10', os.arch: 'amd64', os.version: '10.0', java.version: '11.0.1'
Driver info: io.appium.java_client.android.AndroidDriver
Capabilities [{app=C:\Users\arifq\Desktop\Java N Selenium\AndroidAutomationProject\SeattleTimes\src\app\The Seattle Times.apk, appPackage=com.seattletimes.android.SeattleTimesMobileNews, deviceScreenSize=1080x1920, networkConnectionEnabled=true, warnings={}, appWaitPackage=com.seattletimes.android.SeattleTimesMobileNews, appWaitActivity=android.seattletimes.com.seattletimesmobile.activities.MainTabbedActivity, databaseEnabled=false, deviceName=emulator-5554, platform=LINUX, deviceUDID=emulator-5554, appActivity=android.seattletimes.com.seattletimesmobile.activities.MainTabbedActivity, desired={app=C:\Users\arifq\Desktop\Java N Selenium\AndroidAutomationProject\SeattleTimes\src\app\The Seattle Times.apk, platformVersion=8.0, platformName=Android, deviceName=Nexus}, platformVersion=8.0.0, webStorageEnabled=false, locationContextEnabled=false, takesScreenshot=true, javascriptEnabled=true, deviceModel=Android SDK built for x86, platformName=Android, deviceManufacturer=Google}]
Session ID: c7446714-ab3d-4ac6-b81f-450b9cb05d85
	at java.base/jdk.internal.reflect.NativeConstructorAccessorImpl.newInstance0(Native Method)
	at java.base/jdk.internal.reflect.NativeConstructorAccessorImpl.newInstance(NativeConstructorAccessorImpl.java:62)
	at java.base/jdk.internal.reflect.DelegatingConstructorAccessorImpl.newInstance(DelegatingConstructorAccessorImpl.java:45)
	at java.base/java.lang.reflect.Constructor.newInstance(Constructor.java:490)
	at org.openqa.selenium.remote.ErrorHandler.createThrowable(ErrorHandler.java:204)
	at org.openqa.selenium.remote.ErrorHandler.throwIfResponseFailed(ErrorHandler.java:156)
	at org.openqa.selenium.remote.RemoteWebDriver.execute(RemoteWebDriver.java:599)
	at io.appium.java_client.AppiumDriver.execute(AppiumDriver.java:180)
	at org.openqa.selenium.remote.RemoteWebDriver.findElement(RemoteWebDriver.java:352)
	at org.openqa.selenium.remote.RemoteWebDriver.findElementByXPath(RemoteWebDriver.java:449)
	at base.MobileAPI.scrollToElement(MobileAPI.java:420)
	at pages.HomePage.scrollMenuList(HomePage.java:150)
	at testcases.TestHomePage.testScrollMenuList(TestHomePage.java:95)
</failure>
    <system-out><![CDATA[TestHomePage: test Scroll Menu List
TestHomePage: click Burger Button
]]></system-out>
  </testcase>
  <testcase name="testTapOnBurgerMenu" classname="testcases.TestHomePage" time="10.057">
    <failure message="An element could not be located on the page using the given search parameters. (WARNING: The server did not provide any stacktrace information)&#10;Command duration or timeout: 10.05 seconds&#10;For documentation on this error, please visit: http://seleniumhq.org/exceptions/no_such_element.html&#10;Build info: version: &apos;2.43.1&apos;, revision: &apos;5163bceef1bc36d43f3dc0b83c88998168a363a0&apos;, time: &apos;2014-09-10 09:43:55&apos;&#10;System info: host: &apos;DESKTOP-SUVDR7C&apos;, ip: &apos;192.168.179.1&apos;, os.name: &apos;Windows 10&apos;, os.arch: &apos;amd64&apos;, os.version: &apos;10.0&apos;, java.version: &apos;11.0.1&apos;&#10;Driver info: io.appium.java_client.android.AndroidDriver&#10;Capabilities [{app=C:\Users\arifq\Desktop\Java N Selenium\AndroidAutomationProject\SeattleTimes\src\app\The Seattle Times.apk, appPackage=com.seattletimes.android.SeattleTimesMobileNews, deviceScreenSize=1080x1920, networkConnectionEnabled=true, warnings={}, appWaitPackage=com.seattletimes.android.SeattleTimesMobileNews, appWaitActivity=android.seattletimes.com.seattletimesmobile.activities.MainTabbedActivity, databaseEnabled=false, deviceName=emulator-5554, platform=LINUX, deviceUDID=emulator-5554, appActivity=android.seattletimes.com.seattletimesmobile.activities.MainTabbedActivity, desired={app=C:\Users\arifq\Desktop\Java N Selenium\AndroidAutomationProject\SeattleTimes\src\app\The Seattle Times.apk, platformVersion=8.0, platformName=Android, deviceName=Nexus}, platformVersion=8.0.0, webStorageEnabled=false, locationContextEnabled=false, takesScreenshot=true, javascriptEnabled=true, deviceModel=Android SDK built for x86, platformName=Android, deviceManufacturer=Google}]&#10;Session ID: 9efac5c5-e210-471e-b026-fd68111d3e6f" type="org.openqa.selenium.NoSuchElementException">org.openqa.selenium.NoSuchElementException: An element could not be located on the page using the given search parameters. (WARNING: The server did not provide any stacktrace information)
Command duration or timeout: 10.05 seconds
For documentation on this error, please visit: http://seleniumhq.org/exceptions/no_such_element.html
Build info: version: '2.43.1', revision: '5163bceef1bc36d43f3dc0b83c88998168a363a0', time: '2014-09-10 09:43:55'
System info: host: 'DESKTOP-SUVDR7C', ip: '192.168.179.1', os.name: 'Windows 10', os.arch: 'amd64', os.version: '10.0', java.version: '11.0.1'
Driver info: io.appium.java_client.android.AndroidDriver
Capabilities [{app=C:\Users\arifq\Desktop\Java N Selenium\AndroidAutomationProject\SeattleTimes\src\app\The Seattle Times.apk, appPackage=com.seattletimes.android.SeattleTimesMobileNews, deviceScreenSize=1080x1920, networkConnectionEnabled=true, warnings={}, appWaitPackage=com.seattletimes.android.SeattleTimesMobileNews, appWaitActivity=android.seattletimes.com.seattletimesmobile.activities.MainTabbedActivity, databaseEnabled=false, deviceName=emulator-5554, platform=LINUX, deviceUDID=emulator-5554, appActivity=android.seattletimes.com.seattletimesmobile.activities.MainTabbedActivity, desired={app=C:\Users\arifq\Desktop\Java N Selenium\AndroidAutomationProject\SeattleTimes\src\app\The Seattle Times.apk, platformVersion=8.0, platformName=Android, deviceName=Nexus}, platformVersion=8.0.0, webStorageEnabled=false, locationContextEnabled=false, takesScreenshot=true, javascriptEnabled=true, deviceModel=Android SDK built for x86, platformName=Android, deviceManufacturer=Google}]
Session ID: 9efac5c5-e210-471e-b026-fd68111d3e6f
	at java.base/jdk.internal.reflect.NativeConstructorAccessorImpl.newInstance0(Native Method)
	at java.base/jdk.internal.reflect.NativeConstructorAccessorImpl.newInstance(NativeConstructorAccessorImpl.java:62)
	at java.base/jdk.internal.reflect.DelegatingConstructorAccessorImpl.newInstance(DelegatingConstructorAccessorImpl.java:45)
	at java.base/java.lang.reflect.Constructor.newInstance(Constructor.java:490)
	at org.openqa.selenium.remote.ErrorHandler.createThrowable(ErrorHandler.java:204)
	at org.openqa.selenium.remote.ErrorHandler.throwIfResponseFailed(ErrorHandler.java:156)
	at org.openqa.selenium.remote.RemoteWebDriver.execute(RemoteWebDriver.java:599)
	at io.appium.java_client.AppiumDriver.execute(AppiumDriver.java:180)
	at org.openqa.selenium.remote.RemoteWebDriver.findElement(RemoteWebDriver.java:352)
	at org.openqa.selenium.remote.RemoteWebDriver.findElementByXPath(RemoteWebDriver.java:449)
	at org.openqa.selenium.By$ByXPath.findElement(By.java:357)
	at org.openqa.selenium.remote.RemoteWebDriver.findElement(RemoteWebDriver.java:344)
	at base.MobileAPI.tapOn(MobileAPI.java:340)
	at testcases.TestHomePage.testTapOnBurgerMenu(TestHomePage.java:110)
</failure>
    <system-out><![CDATA[TestHomePage: test Tap On Burger Menu
]]></system-out>
  </testcase>
  <testcase name="testTapOnLatest" classname="testcases.TestHomePage" time="10.551">
    <failure message="An element could not be located on the page using the given search parameters. (WARNING: The server did not provide any stacktrace information)&#10;Command duration or timeout: 10.55 seconds&#10;For documentation on this error, please visit: http://seleniumhq.org/exceptions/no_such_element.html&#10;Build info: version: &apos;2.43.1&apos;, revision: &apos;5163bceef1bc36d43f3dc0b83c88998168a363a0&apos;, time: &apos;2014-09-10 09:43:55&apos;&#10;System info: host: &apos;DESKTOP-SUVDR7C&apos;, ip: &apos;192.168.179.1&apos;, os.name: &apos;Windows 10&apos;, os.arch: &apos;amd64&apos;, os.version: &apos;10.0&apos;, java.version: &apos;11.0.1&apos;&#10;Driver info: io.appium.java_client.android.AndroidDriver&#10;Capabilities [{app=C:\Users\arifq\Desktop\Java N Selenium\AndroidAutomationProject\SeattleTimes\src\app\The Seattle Times.apk, appPackage=com.seattletimes.android.SeattleTimesMobileNews, deviceScreenSize=1080x1920, networkConnectionEnabled=true, warnings={}, appWaitPackage=com.seattletimes.android.SeattleTimesMobileNews, appWaitActivity=android.seattletimes.com.seattletimesmobile.activities.MainTabbedActivity, databaseEnabled=false, deviceName=emulator-5554, platform=LINUX, deviceUDID=emulator-5554, appActivity=android.seattletimes.com.seattletimesmobile.activities.MainTabbedActivity, desired={app=C:\Users\arifq\Desktop\Java N Selenium\AndroidAutomationProject\SeattleTimes\src\app\The Seattle Times.apk, platformVersion=8.0, platformName=Android, deviceName=Nexus}, platformVersion=8.0.0, webStorageEnabled=false, locationContextEnabled=false, takesScreenshot=true, javascriptEnabled=true, deviceModel=Android SDK built for x86, platformName=Android, deviceManufacturer=Google}]&#10;Session ID: d3c3afe5-7f45-4675-b449-0d007cdcac38" type="org.openqa.selenium.NoSuchElementException">org.openqa.selenium.NoSuchElementException: An element could not be located on the page using the given search parameters. (WARNING: The server did not provide any stacktrace information)
Command duration or timeout: 10.55 seconds
For documentation on this error, please visit: http://seleniumhq.org/exceptions/no_such_element.html
Build info: version: '2.43.1', revision: '5163bceef1bc36d43f3dc0b83c88998168a363a0', time: '2014-09-10 09:43:55'
System info: host: 'DESKTOP-SUVDR7C', ip: '192.168.179.1', os.name: 'Windows 10', os.arch: 'amd64', os.version: '10.0', java.version: '11.0.1'
Driver info: io.appium.java_client.android.AndroidDriver
Capabilities [{app=C:\Users\arifq\Desktop\Java N Selenium\AndroidAutomationProject\SeattleTimes\src\app\The Seattle Times.apk, appPackage=com.seattletimes.android.SeattleTimesMobileNews, deviceScreenSize=1080x1920, networkConnectionEnabled=true, warnings={}, appWaitPackage=com.seattletimes.android.SeattleTimesMobileNews, appWaitActivity=android.seattletimes.com.seattletimesmobile.activities.MainTabbedActivity, databaseEnabled=false, deviceName=emulator-5554, platform=LINUX, deviceUDID=emulator-5554, appActivity=android.seattletimes.com.seattletimesmobile.activities.MainTabbedActivity, desired={app=C:\Users\arifq\Desktop\Java N Selenium\AndroidAutomationProject\SeattleTimes\src\app\The Seattle Times.apk, platformVersion=8.0, platformName=Android, deviceName=Nexus}, platformVersion=8.0.0, webStorageEnabled=false, locationContextEnabled=false, takesScreenshot=true, javascriptEnabled=true, deviceModel=Android SDK built for x86, platformName=Android, deviceManufacturer=Google}]
Session ID: d3c3afe5-7f45-4675-b449-0d007cdcac38
	at java.base/jdk.internal.reflect.NativeConstructorAccessorImpl.newInstance0(Native Method)
	at java.base/jdk.internal.reflect.NativeConstructorAccessorImpl.newInstance(NativeConstructorAccessorImpl.java:62)
	at java.base/jdk.internal.reflect.DelegatingConstructorAccessorImpl.newInstance(DelegatingConstructorAccessorImpl.java:45)
	at java.base/java.lang.reflect.Constructor.newInstance(Constructor.java:490)
	at org.openqa.selenium.remote.ErrorHandler.createThrowable(ErrorHandler.java:204)
	at org.openqa.selenium.remote.ErrorHandler.throwIfResponseFailed(ErrorHandler.java:156)
	at org.openqa.selenium.remote.RemoteWebDriver.execute(RemoteWebDriver.java:599)
	at io.appium.java_client.AppiumDriver.execute(AppiumDriver.java:180)
	at org.openqa.selenium.remote.RemoteWebDriver.findElement(RemoteWebDriver.java:352)
	at org.openqa.selenium.remote.RemoteWebDriver.findElementByXPath(RemoteWebDriver.java:449)
	at org.openqa.selenium.By$ByXPath.findElement(By.java:357)
	at org.openqa.selenium.remote.RemoteWebDriver.findElement(RemoteWebDriver.java:344)
	at base.MobileAPI.tapOn(MobileAPI.java:340)
	at testcases.TestHomePage.testTapOnLatest(TestHomePage.java:120)
</failure>
    <system-out><![CDATA[TestHomePage: test Tap On Latest
]]></system-out>
  </testcase>
  <testcase name="testTapOnTopStories" classname="testcases.TestHomePage" time="0.522">
    <failure message="class io.appium.java_client.android.AndroidElement cannot be cast to class io.appium.java_client.MobileDriver (io.appium.java_client.android.AndroidElement and io.appium.java_client.MobileDriver are in unnamed module of loader &apos;app&apos;)" type="java.lang.ClassCastException">java.lang.ClassCastException: class io.appium.java_client.android.AndroidElement cannot be cast to class io.appium.java_client.MobileDriver (io.appium.java_client.android.AndroidElement and io.appium.java_client.MobileDriver are in unnamed module of loader 'app')
	at base.MobileAPI.tapOn(MobileAPI.java:340)
	at testcases.TestHomePage.testTapOnTopStories(TestHomePage.java:115)
</failure>
    <system-out><![CDATA[TestHomePage: test Tap On Top Stories
]]></system-out>
  </testcase>
  <testcase name="testTapOnTrending" classname="testcases.TestHomePage" time="10.418">
    <failure message="An element could not be located on the page using the given search parameters. (WARNING: The server did not provide any stacktrace information)&#10;Command duration or timeout: 10.41 seconds&#10;For documentation on this error, please visit: http://seleniumhq.org/exceptions/no_such_element.html&#10;Build info: version: &apos;2.43.1&apos;, revision: &apos;5163bceef1bc36d43f3dc0b83c88998168a363a0&apos;, time: &apos;2014-09-10 09:43:55&apos;&#10;System info: host: &apos;DESKTOP-SUVDR7C&apos;, ip: &apos;192.168.179.1&apos;, os.name: &apos;Windows 10&apos;, os.arch: &apos;amd64&apos;, os.version: &apos;10.0&apos;, java.version: &apos;11.0.1&apos;&#10;Driver info: io.appium.java_client.android.AndroidDriver&#10;Capabilities [{app=C:\Users\arifq\Desktop\Java N Selenium\AndroidAutomationProject\SeattleTimes\src\app\The Seattle Times.apk, appPackage=com.seattletimes.android.SeattleTimesMobileNews, deviceScreenSize=1080x1920, networkConnectionEnabled=true, warnings={}, appWaitPackage=com.seattletimes.android.SeattleTimesMobileNews, appWaitActivity=android.seattletimes.com.seattletimesmobile.activities.MainTabbedActivity, databaseEnabled=false, deviceName=emulator-5554, platform=LINUX, deviceUDID=emulator-5554, appActivity=android.seattletimes.com.seattletimesmobile.activities.MainTabbedActivity, desired={app=C:\Users\arifq\Desktop\Java N Selenium\AndroidAutomationProject\SeattleTimes\src\app\The Seattle Times.apk, platformVersion=8.0, platformName=Android, deviceName=Nexus}, platformVersion=8.0.0, webStorageEnabled=false, locationContextEnabled=false, takesScreenshot=true, javascriptEnabled=true, deviceModel=Android SDK built for x86, platformName=Android, deviceManufacturer=Google}]&#10;Session ID: cd340ed1-8cf5-429a-92d1-9efc78f0a66f" type="org.openqa.selenium.NoSuchElementException">org.openqa.selenium.NoSuchElementException: An element could not be located on the page using the given search parameters. (WARNING: The server did not provide any stacktrace information)
Command duration or timeout: 10.41 seconds
For documentation on this error, please visit: http://seleniumhq.org/exceptions/no_such_element.html
Build info: version: '2.43.1', revision: '5163bceef1bc36d43f3dc0b83c88998168a363a0', time: '2014-09-10 09:43:55'
System info: host: 'DESKTOP-SUVDR7C', ip: '192.168.179.1', os.name: 'Windows 10', os.arch: 'amd64', os.version: '10.0', java.version: '11.0.1'
Driver info: io.appium.java_client.android.AndroidDriver
Capabilities [{app=C:\Users\arifq\Desktop\Java N Selenium\AndroidAutomationProject\SeattleTimes\src\app\The Seattle Times.apk, appPackage=com.seattletimes.android.SeattleTimesMobileNews, deviceScreenSize=1080x1920, networkConnectionEnabled=true, warnings={}, appWaitPackage=com.seattletimes.android.SeattleTimesMobileNews, appWaitActivity=android.seattletimes.com.seattletimesmobile.activities.MainTabbedActivity, databaseEnabled=false, deviceName=emulator-5554, platform=LINUX, deviceUDID=emulator-5554, appActivity=android.seattletimes.com.seattletimesmobile.activities.MainTabbedActivity, desired={app=C:\Users\arifq\Desktop\Java N Selenium\AndroidAutomationProject\SeattleTimes\src\app\The Seattle Times.apk, platformVersion=8.0, platformName=Android, deviceName=Nexus}, platformVersion=8.0.0, webStorageEnabled=false, locationContextEnabled=false, takesScreenshot=true, javascriptEnabled=true, deviceModel=Android SDK built for x86, platformName=Android, deviceManufacturer=Google}]
Session ID: cd340ed1-8cf5-429a-92d1-9efc78f0a66f
	at java.base/jdk.internal.reflect.NativeConstructorAccessorImpl.newInstance0(Native Method)
	at java.base/jdk.internal.reflect.NativeConstructorAccessorImpl.newInstance(NativeConstructorAccessorImpl.java:62)
	at java.base/jdk.internal.reflect.DelegatingConstructorAccessorImpl.newInstance(DelegatingConstructorAccessorImpl.java:45)
	at java.base/java.lang.reflect.Constructor.newInstance(Constructor.java:490)
	at org.openqa.selenium.remote.ErrorHandler.createThrowable(ErrorHandler.java:204)
	at org.openqa.selenium.remote.ErrorHandler.throwIfResponseFailed(ErrorHandler.java:156)
	at org.openqa.selenium.remote.RemoteWebDriver.execute(RemoteWebDriver.java:599)
	at io.appium.java_client.AppiumDriver.execute(AppiumDriver.java:180)
	at org.openqa.selenium.remote.RemoteWebDriver.findElement(RemoteWebDriver.java:352)
	at org.openqa.selenium.remote.RemoteWebDriver.findElementByXPath(RemoteWebDriver.java:449)
	at org.openqa.selenium.By$ByXPath.findElement(By.java:357)
	at org.openqa.selenium.remote.RemoteWebDriver.findElement(RemoteWebDriver.java:344)
	at base.MobileAPI.tapOn(MobileAPI.java:340)
	at testcases.TestHomePage.testTapOnTrending(TestHomePage.java:125)
</failure>
    <system-out><![CDATA[TestHomePage: test Tap On Trending
]]></system-out>
  </testcase>
  <testcase name="testscrollMenuList" classname="testcases.TestHomePage" time="2.057"/>
  <testcase name="testscrollPNWMagazine" classname="testcases.TestHomePage" time="4.756"/>
  <testcase name="testscrollToBusiness" classname="testcases.TestHomePage" time="2.464"/>
  <testcase name="testscrollToGetBusinessNews" classname="testcases.TestHomePage" time="2.807"/>
  <testcase name="testscrollToGetNews" classname="testcases.TestHomePage" time="2.389"/>
  <testcase name="testscrollToLocal" classname="testcases.TestHomePage" time="2.511"/>
  <testcase name="testscrollToMyReadingList" classname="testcases.TestHomePage" time="2.589"/>
  <testcase name="testscrollToSports" classname="testcases.TestHomePage" time="2.474"/>
</testsuite>